#
# A fatal error has been detected by the Java Runtime Environment:
#
#  EXCEPTION_ACCESS_VIOLATION (0xc0000005) at pc=0x0000000075bf8ad5, pid=8848, tid=10144
#
# JRE version: Java(TM) SE Runtime Environment (8.0_71-b15) (build 1.8.0_71-b15)
# Java VM: Java HotSpot(TM) 64-Bit Server VM (25.71-b15 mixed mode windows-amd64 compressed oops)
# Problematic frame:
# V  [jvm.dll+0x128ad5]
#
# Failed to write core dump. Minidumps are not enabled by default on client versions of Windows
#
# If you would like to submit a bug report, please visit:
#   http://bugreport.java.com/bugreport/crash.jsp
#

---------------  T H R E A D  ---------------

Current thread (0x0000000015006000):  JavaThread "JDWP Transport Listener: dt_socket" daemon [_thread_in_vm, id=10144, stack(0x00000000169b0000,0x0000000016ab0000)]

siginfo: ExceptionCode=0xc0000005, reading address 0xffffffffffffffff

Registers:
RAX=0x0000000016aaf301, RBX=0x0000000015006000, RCX=0x003b776569566e6f, RDX=0x0000000000000000
RSP=0x0000000016aaf320, RBP=0x003b776569566e6f, RSI=0x0000000016aaf438, RDI=0x000000000282a1a0
R8 =0x0000000015006000, R9 =0x0000000000008000, R10=0x0000000000000000, R11=0x00000000171800bc
R12=0x0000000000000000, R13=0x0000000015011208, R14=0x0000000000000000, R15=0x0000000000000000
RIP=0x0000000075bf8ad5, EFLAGS=0x0000000000010206

Top of Stack: (sp=0x0000000016aaf320)
0x0000000016aaf320:   0000000015006000 0000000015006000
0x0000000016aaf330:   0000000016aaf3e8 0000000075dfe34b
0x0000000016aaf340:   0000000015006000 0000000075e1abad
0x0000000016aaf350:   0000000000000000 00000000759d9155
0x0000000016aaf360:   000000001708d188 00000000759e291e
0x0000000016aaf370:   0000000015006000 0000000000000000
0x0000000016aaf380:   0000000000000000 0000000000000000
0x0000000016aaf390:   003b776569566e6f 00000000759e1a15
0x0000000016aaf3a0:   0000000016aaf438 0000000016aaf410
0x0000000016aaf3b0:   0000000000000001 000000001708d188
0x0000000016aaf3c0:   003b776569566e6f 00000000759c53b3
0x0000000016aaf3d0:   0000000016aaf500 0000000000000001
0x0000000016aaf3e0:   0000000000000001 000000001708d188
0x0000000016aaf3f0:   000000000000000a 0000000000000000
0x0000000016aaf400:   0000000000000000 0000000000000000
0x0000000016aaf410:   0000000000000001 00000000759c5571 

Instructions: (pc=0x0000000075bf8ad5)
0x0000000075bf8ab5:   cc cc cc cc cc cc cc cc cc cc cc 48 83 ec 28 48
0x0000000075bf8ac5:   85 c9 75 07 33 c0 48 83 c4 28 c3 48 89 5c 24 20
0x0000000075bf8ad5:   48 8b 19 48 85 db 74 20 48 83 fb 37 74 1a 48 8b
0x0000000075bf8ae5:   13 48 8b cb ff 52 10 84 c0 74 0d 48 8b c3 48 8b 


Register to memory mapping:

RAX=0x0000000016aaf301 is pointing into the stack for thread: 0x0000000015006000
RBX=0x0000000015006000 is a thread
RCX=0x003b776569566e6f is an unknown value
RDX=0x0000000000000000 is an unknown value
RSP=0x0000000016aaf320 is pointing into the stack for thread: 0x0000000015006000
RBP=0x003b776569566e6f is an unknown value
RSI=0x0000000016aaf438 is pointing into the stack for thread: 0x0000000015006000
RDI=0x000000000282a1a0 is an unknown value
R8 =0x0000000015006000 is a thread
R9 =0x0000000000008000 is an unknown value
R10=0x0000000000000000 is an unknown value
R11=0x00000000171800bc is an unknown value
R12=0x0000000000000000 is an unknown value
R13=0x0000000015011208 is an unknown value
R14=0x0000000000000000 is an unknown value
R15=0x0000000000000000 is an unknown value


Stack: [0x00000000169b0000,0x0000000016ab0000],  sp=0x0000000016aaf320,  free space=1020k
Native frames: (J=compiled Java code, j=interpreted, Vv=VM code, C=native code)
V  [jvm.dll+0x128ad5]
V  [jvm.dll+0x34abad]
C  [jdwp.dll+0x21a15]
C  [jdwp.dll+0x53b3]
C  [jdwp.dll+0x5571]
C  [jdwp.dll+0xf0a8]
C  [jdwp.dll+0x1f2d5]
C  [jdwp.dll+0x1f4aa]
V  [jvm.dll+0x1bbb58]
V  [jvm.dll+0x243234]
V  [jvm.dll+0x29a10a]
C  [msvcr100.dll+0x21d9f]
C  [msvcr100.dll+0x21e3b]
C  [KERNEL32.DLL+0x8364]
C  [ntdll.dll+0x670d1]


---------------  P R O C E S S  ---------------

Java Threads: ( => current thread )
  0x0000000017d76000 JavaThread "pool-1-thread-1" [_thread_blocked, id=13140, stack(0x00000000181b0000,0x00000000182b0000)]
  0x0000000017007800 JavaThread "Service Thread" daemon [_thread_blocked, id=5368, stack(0x00000000173b0000,0x00000000174b0000)]
  0x000000001502a800 JavaThread "C1 CompilerThread2" daemon [_thread_blocked, id=1728, stack(0x0000000016eb0000,0x0000000016fb0000)]
  0x0000000015029800 JavaThread "C2 CompilerThread1" daemon [_thread_blocked, id=4280, stack(0x0000000016db0000,0x0000000016eb0000)]
  0x0000000015024800 JavaThread "C2 CompilerThread0" daemon [_thread_blocked, id=7136, stack(0x0000000016cb0000,0x0000000016db0000)]
  0x000000001501a000 JavaThread "JDWP Command Reader" daemon [_thread_in_native, id=5624, stack(0x0000000016bb0000,0x0000000016cb0000)]
  0x0000000015016800 JavaThread "JDWP Event Helper Thread" daemon [_thread_blocked, id=11324, stack(0x0000000016ab0000,0x0000000016bb0000)]
=>0x0000000015006000 JavaThread "JDWP Transport Listener: dt_socket" daemon [_thread_in_vm, id=10144, stack(0x00000000169b0000,0x0000000016ab0000)]
  0x0000000014fff000 JavaThread "Attach Listener" daemon [_thread_blocked, id=8452, stack(0x0000000016570000,0x0000000016670000)]
  0x0000000014ffe000 JavaThread "Signal Dispatcher" daemon [_thread_blocked, id=10644, stack(0x0000000016470000,0x0000000016570000)]
  0x0000000002a29000 JavaThread "Finalizer" daemon [_thread_blocked, id=10740, stack(0x0000000016260000,0x0000000016360000)]
  0x0000000002a20000 JavaThread "Reference Handler" daemon [_thread_blocked, id=6808, stack(0x0000000016160000,0x0000000016260000)]
  0x000000000282e800 JavaThread "main" [_thread_blocked, id=8060, stack(0x0000000002830000,0x0000000002930000)]

Other Threads:
  0x0000000014fc7000 VMThread [stack: 0x0000000016060000,0x0000000016160000] [id=2452]
  0x000000001701e800 WatcherThread [stack: 0x00000000174b0000,0x00000000175b0000] [id=11344]

VM state:not at safepoint (normal execution)

VM Mutex/Monitor currently owned by a thread: None

Heap:
 PSYoungGen      total 18944K, used 15148K [0x00000000eb400000, 0x00000000ed900000, 0x0000000100000000)
  eden space 16384K, 76% used [0x00000000eb400000,0x00000000ec0513c8,0x00000000ec400000)
  from space 2560K, 99% used [0x00000000ec680000,0x00000000ec8f9c70,0x00000000ec900000)
  to   space 2560K, 0% used [0x00000000ec400000,0x00000000ec400000,0x00000000ec680000)
 ParOldGen       total 44032K, used 3244K [0x00000000c1c00000, 0x00000000c4700000, 0x00000000eb400000)
  object space 44032K, 7% used [0x00000000c1c00000,0x00000000c1f2b0e8,0x00000000c4700000)
 Metaspace       used 15195K, capacity 15452K, committed 15744K, reserved 1062912K
  class space    used 2032K, capacity 2104K, committed 2176K, reserved 1048576K

Card table byte_map: [0x0000000011df0000,0x0000000011ff0000] byte_map_base: 0x00000000117e2000

Marking Bits: (ParMarkBitMap*) 0x00000000762df600
 Begin Bits: [0x0000000012540000, 0x00000000134d0000)
 End Bits:   [0x00000000134d0000, 0x0000000014460000)

Polling page: 0x00000000027c0000

CodeCache: size=245760Kb used=3481Kb max_used=3481Kb free=242278Kb
 bounds [0x0000000002a30000, 0x0000000002da0000, 0x0000000011a30000]
 total_blobs=1283 nmethods=927 adapters=277
 compilation: enabled

Compilation events (10 events):
Event: 1.881 Thread 0x000000001502a800  916       3       org.apache.jena.ext.com.google.common.cache.LocalCache::usesValueReferences (16 bytes)
Event: 1.881 Thread 0x000000001502a800 nmethod 916 0x0000000002d96d50 code [0x0000000002d96ea0, 0x0000000002d97070]
Event: 1.881 Thread 0x000000001502a800  923       1       org.apache.jena.iri.impl.ResolvedRelativeIRI::toString (5 bytes)
Event: 1.881 Thread 0x000000001502a800 nmethod 923 0x0000000002d97110 code [0x0000000002d97260, 0x0000000002d97370]
Event: 1.881 Thread 0x000000001502a800  925       1       org.apache.jena.ext.com.google.common.cache.CacheBuilder$OneWeigher::weigh (2 bytes)
Event: 1.881 Thread 0x000000001502a800 nmethod 925 0x0000000002d973d0 code [0x0000000002d97520, 0x0000000002d97630]
Event: 1.881 Thread 0x000000001502a800  926       1       org.apache.jena.ext.com.google.common.cache.LocalCache$2::offer (2 bytes)
Event: 1.881 Thread 0x000000001502a800 nmethod 926 0x0000000002d97690 code [0x0000000002d977e0, 0x0000000002d978f0]
Event: 1.881 Thread 0x000000001502a800  927       1       org.apache.jena.ext.com.google.common.cache.LocalCache$StrongValueReference::getWeight (2 bytes)
Event: 1.881 Thread 0x000000001502a800 nmethod 927 0x0000000002d97950 code [0x0000000002d97aa0, 0x0000000002d97bb0]

GC Heap History (4 events):
Event: 0.885 GC heap before
{Heap before GC invocations=1 (full 0):
 PSYoungGen      total 18944K, used 16384K [0x00000000eb400000, 0x00000000ec900000, 0x0000000100000000)
  eden space 16384K, 100% used [0x00000000eb400000,0x00000000ec400000,0x00000000ec400000)
  from space 2560K, 0% used [0x00000000ec680000,0x00000000ec680000,0x00000000ec900000)
  to   space 2560K, 0% used [0x00000000ec400000,0x00000000ec400000,0x00000000ec680000)
 ParOldGen       total 44032K, used 0K [0x00000000c1c00000, 0x00000000c4700000, 0x00000000eb400000)
  object space 44032K, 0% used [0x00000000c1c00000,0x00000000c1c00000,0x00000000c4700000)
 Metaspace       used 7545K, capacity 7708K, committed 7936K, reserved 1056768K
  class space    used 976K, capacity 1012K, committed 1024K, reserved 1048576K
Event: 0.894 GC heap after
Heap after GC invocations=1 (full 0):
 PSYoungGen      total 18944K, used 2556K [0x00000000eb400000, 0x00000000ec900000, 0x0000000100000000)
  eden space 16384K, 0% used [0x00000000eb400000,0x00000000eb400000,0x00000000ec400000)
  from space 2560K, 99% used [0x00000000ec400000,0x00000000ec67f2e8,0x00000000ec680000)
  to   space 2560K, 0% used [0x00000000ec680000,0x00000000ec680000,0x00000000ec900000)
 ParOldGen       total 44032K, used 1114K [0x00000000c1c00000, 0x00000000c4700000, 0x00000000eb400000)
  object space 44032K, 2% used [0x00000000c1c00000,0x00000000c1d16a30,0x00000000c4700000)
 Metaspace       used 7545K, capacity 7708K, committed 7936K, reserved 1056768K
  class space    used 976K, capacity 1012K, committed 1024K, reserved 1048576K
}
Event: 1.429 GC heap before
{Heap before GC invocations=2 (full 0):
 PSYoungGen      total 18944K, used 18940K [0x00000000eb400000, 0x00000000ec900000, 0x0000000100000000)
  eden space 16384K, 100% used [0x00000000eb400000,0x00000000ec400000,0x00000000ec400000)
  from space 2560K, 99% used [0x00000000ec400000,0x00000000ec67f2e8,0x00000000ec680000)
  to   space 2560K, 0% used [0x00000000ec680000,0x00000000ec680000,0x00000000ec900000)
 ParOldGen       total 44032K, used 1114K [0x00000000c1c00000, 0x00000000c4700000, 0x00000000eb400000)
  object space 44032K, 2% used [0x00000000c1c00000,0x00000000c1d16a30,0x00000000c4700000)
 Metaspace       used 12788K, capacity 13012K, committed 13440K, reserved 1060864K
  class space    used 1721K, capacity 1802K, committed 1920K, reserved 1048576K
Event: 1.435 GC heap after
Heap after GC invocations=2 (full 0):
 PSYoungGen      total 18944K, used 2535K [0x00000000eb400000, 0x00000000ed900000, 0x0000000100000000)
  eden space 16384K, 0% used [0x00000000eb400000,0x00000000eb400000,0x00000000ec400000)
  from space 2560K, 99% used [0x00000000ec680000,0x00000000ec8f9c70,0x00000000ec900000)
  to   space 2560K, 0% used [0x00000000ec400000,0x00000000ec400000,0x00000000ec680000)
 ParOldGen       total 44032K, used 3244K [0x00000000c1c00000, 0x00000000c4700000, 0x00000000eb400000)
  object space 44032K, 7% used [0x00000000c1c00000,0x00000000c1f2b0e8,0x00000000c4700000)
 Metaspace       used 12788K, capacity 13012K, committed 13440K, reserved 1060864K
  class space    used 1721K, capacity 1802K, committed 1920K, reserved 1048576K
}

Deoptimization events (6 events):
Event: 0.727 Thread 0x000000000282e800 Uncommon trap: reason=unstable_if action=reinterpret pc=0x0000000002c1e4a4 method=sun.misc.MetaIndex.mayContain(Ljava/lang/String;)Z @ 38
Event: 0.728 Thread 0x000000000282e800 Uncommon trap: reason=unstable_if action=reinterpret pc=0x0000000002c1278c method=sun.misc.MetaIndex.mayContain(Ljava/lang/String;)Z @ 38
Event: 1.333 Thread 0x0000000017d76000 Uncommon trap: reason=unstable_if action=reinterpret pc=0x0000000002bb1150 method=java.lang.String.indexOf([CII[CIII)I @ 3
Event: 1.624 Thread 0x0000000017d76000 Uncommon trap: reason=unstable_if action=reinterpret pc=0x0000000002cee09c method=java.util.regex.Pattern.has(I)Z @ 6
Event: 1.671 Thread 0x0000000017d76000 Uncommon trap: reason=unstable_if action=reinterpret pc=0x0000000002b8ddcc method=java.lang.String.startsWith(Ljava/lang/String;I)Z @ 25
Event: 1.795 Thread 0x0000000017d76000 Uncommon trap: reason=unstable_if action=reinterpret pc=0x0000000002ce5170 method=java.io.WinNTFileSystem.normalize(Ljava/lang/String;)Ljava/lang/String; @ 128

Internal exceptions (10 events):
Event: 0.649 Thread 0x000000000282e800 Exception <a 'java/lang/ArrayIndexOutOfBoundsException'> (0x00000000ebefaea8) thrown at [C:\re\workspace\8-2-build-windows-amd64-cygwin\jdk8u71\5731\hotspot\src\share\vm\runtime\sharedRuntime.cpp, line 605]
Event: 0.650 Thread 0x000000000282e800 Exception <a 'java/lang/ArrayIndexOutOfBoundsException'> (0x00000000ebefc960) thrown at [C:\re\workspace\8-2-build-windows-amd64-cygwin\jdk8u71\5731\hotspot\src\share\vm\runtime\sharedRuntime.cpp, line 605]
Event: 0.650 Thread 0x000000000282e800 Exception <a 'java/lang/ArrayIndexOutOfBoundsException'> (0x00000000ebefe5c0) thrown at [C:\re\workspace\8-2-build-windows-amd64-cygwin\jdk8u71\5731\hotspot\src\share\vm\runtime\sharedRuntime.cpp, line 605]
Event: 0.652 Thread 0x000000000282e800 Exception <a 'java/lang/ClassNotFoundException': ch/qos/logback/core/pattern/PatternLayoutEncoderBaseCustomizer> (0x00000000ebf11548) thrown at [C:\re\workspace\8-2-build-windows-amd64-cygwin\jdk8u71\5731\hotspot\src\share\vm\classfile\systemDictionary.cppË—“„÷‡‰?
Event: 0.652 Thread 0x000000000282e800 Exception <a 'java/lang/ArrayIndexOutOfBoundsException'> (0x00000000ebf14e60) thrown at [C:\re\workspace\8-2-build-windows-amd64-cygwin\jdk8u71\5731\hotspot\src\share\vm\runtime\sharedRuntime.cpp, line 605]
Event: 0.653 Thread 0x000000000282e800 Exception <a 'java/lang/ArrayIndexOutOfBoundsException'> (0x00000000ebf16f58) thrown at [C:\re\workspace\8-2-build-windows-amd64-cygwin\jdk8u71\5731\hotspot\src\share\vm\runtime\sharedRuntime.cpp, line 605]
Event: 0.655 Thread 0x000000000282e800 Exception <a 'java/lang/ClassNotFoundException': ch/qos/logback/classic/encoder/PatternLayoutEncoderCustomizer> (0x00000000ebf2eaf8) thrown at [C:\re\workspace\8-2-build-windows-amd64-cygwin\jdk8u71\5731\hotspot\src\share\vm\classfile\systemDictionary.cpp,[⁄W{˚‰?
Event: 0.656 Thread 0x000000000282e800 Exception <a 'java/lang/ArrayIndexOutOfBoundsException'> (0x00000000ebf31c90) thrown at [C:\re\workspace\8-2-build-windows-amd64-cygwin\jdk8u71\5731\hotspot\src\share\vm\runtime\sharedRuntime.cpp, line 605]
Event: 0.968 Thread 0x0000000017d76000 Exception <a 'java/lang/NoSuchFieldError': method resolution failed> (0x00000000eb5123d8) thrown at [C:\re\workspace\8-2-build-windows-amd64-cygwin\jdk8u71\5731\hotspot\src\share\vm\prims\methodHandles.cpp, line 1146]
Event: 0.975 Thread 0x0000000017d76000 Exception <a 'java/lang/NoSuchFieldError': method resolution failed> (0x00000000eb51fb68) thrown at [C:\re\workspace\8-2-build-windows-amd64-cygwin\jdk8u71\5731\hotspot\src\share\vm\prims\methodHandles.cpp, line 1146]

Events (10 events):
Event: 327.986 Executing VM operation: GetCurrentLocation
Event: 327.986 Executing VM operation: GetCurrentLocation done
Event: 327.986 Executing VM operation: EnterInterpOnlyMode
Event: 327.986 Executing VM operation: EnterInterpOnlyMode done
Event: 327.986 Executing VM operation: ChangeSingleStep
Event: 327.986 Executing VM operation: ChangeSingleStep done
Event: 327.986 Executing VM operation: ChangeSingleStep
Event: 327.986 Executing VM operation: ChangeSingleStep done
Event: 327.998 Executing VM operation: RedefineClasses
Event: 328.012 Executing VM operation: RedefineClasses done


Dynamic libraries:
0x00007ff6922e0000 - 0x00007ff692317000 	C:\Program Files\Java\jre1.8.0_71\bin\javaw.exe
0x00007ffa4cbf0000 - 0x00007ffa4cdc1000 	C:\WINDOWS\SYSTEM32\ntdll.dll
0x00007ffa4a1e0000 - 0x00007ffa4a28c000 	C:\WINDOWS\System32\KERNEL32.DLL
0x00007ffa49480000 - 0x00007ffa4969d000 	C:\WINDOWS\System32\KERNELBASE.dll
0x00007ffa4cb40000 - 0x00007ffa4cbe2000 	C:\WINDOWS\System32\ADVAPI32.dll
0x00007ffa4a4f0000 - 0x00007ffa4a58e000 	C:\WINDOWS\System32\msvcrt.dll
0x00007ffa4a290000 - 0x00007ffa4a2e9000 	C:\WINDOWS\System32\sechost.dll
0x00007ffa4bc70000 - 0x00007ffa4bd91000 	C:\WINDOWS\System32\RPCRT4.dll
0x00007ffa4c9d0000 - 0x00007ffa4cb35000 	C:\WINDOWS\System32\USER32.dll
0x00007ffa49930000 - 0x00007ffa4994e000 	C:\WINDOWS\System32\win32u.dll
0x00007ffa4bc20000 - 0x00007ffa4bc54000 	C:\WINDOWS\System32\GDI32.dll
0x00007ffa49750000 - 0x00007ffa498d0000 	C:\WINDOWS\System32\gdi32full.dll
0x00007ffa3e470000 - 0x00007ffa3e6ea000 	C:\WINDOWS\WinSxS\amd64_microsoft.windows.common-controls_6595b64144ccf1df_6.0.14393.953_none_42151e83c686086b\COMCTL32.dll
0x00007ffa4c550000 - 0x00007ffa4c818000 	C:\WINDOWS\System32\combase.dll
0x00007ffa490f0000 - 0x00007ffa491e5000 	C:\WINDOWS\System32\ucrtbase.dll
0x00007ffa493c0000 - 0x00007ffa4942a000 	C:\WINDOWS\System32\bcryptPrimitives.dll
0x00007ffa4bbf0000 - 0x00007ffa4bc1e000 	C:\WINDOWS\System32\IMM32.DLL
0x0000000076360000 - 0x0000000076432000 	C:\Program Files\Java\jre1.8.0_71\bin\msvcr100.dll
0x0000000075ad0000 - 0x000000007635f000 	C:\Program Files\Java\jre1.8.0_71\bin\server\jvm.dll
0x00007ffa4bf60000 - 0x00007ffa4bf68000 	C:\WINDOWS\System32\PSAPI.DLL
0x00007ffa432f0000 - 0x00007ffa432f9000 	C:\WINDOWS\SYSTEM32\WSOCK32.dll
0x00007ffa46fd0000 - 0x00007ffa46ff3000 	C:\WINDOWS\SYSTEM32\WINMM.dll
0x00007ffa4baa0000 - 0x00007ffa4bb0a000 	C:\WINDOWS\System32\WS2_32.dll
0x00007ffa3a2e0000 - 0x00007ffa3a2ea000 	C:\WINDOWS\SYSTEM32\VERSION.dll
0x00007ffa46fa0000 - 0x00007ffa46fcb000 	C:\WINDOWS\SYSTEM32\WINMMBASE.dll
0x00007ffa49430000 - 0x00007ffa49472000 	C:\WINDOWS\System32\cfgmgr32.dll
0x0000000075ac0000 - 0x0000000075acf000 	C:\Program Files\Java\jre1.8.0_71\bin\verify.dll
0x0000000075a90000 - 0x0000000075ab9000 	C:\Program Files\Java\jre1.8.0_71\bin\java.dll
0x00000000759c0000 - 0x00000000759f5000 	C:\Program Files\Java\jre1.8.0_71\bin\jdwp.dll
0x00000000759b0000 - 0x00000000759b8000 	C:\Program Files\Java\jre1.8.0_71\bin\npt.dll
0x0000000075a70000 - 0x0000000075a86000 	C:\Program Files\Java\jre1.8.0_71\bin\zip.dll
0x00007ffa4a590000 - 0x00007ffa4ba98000 	C:\WINDOWS\System32\SHELL32.dll
0x00007ffa499f0000 - 0x00007ffa4a0ca000 	C:\WINDOWS\System32\windows.storage.dll
0x00007ffa490a0000 - 0x00007ffa490ec000 	C:\WINDOWS\System32\powrprof.dll
0x00007ffa4a180000 - 0x00007ffa4a1d2000 	C:\WINDOWS\System32\shlwapi.dll
0x00007ffa49060000 - 0x00007ffa4906f000 	C:\WINDOWS\System32\kernel.appcore.dll
0x00007ffa4a0d0000 - 0x00007ffa4a179000 	C:\WINDOWS\System32\shcore.dll
0x00007ffa49070000 - 0x00007ffa49084000 	C:\WINDOWS\System32\profapi.dll
0x00000000759a0000 - 0x00000000759a9000 	C:\Program Files\Java\jre1.8.0_71\bin\dt_socket.dll
0x00007ffa25440000 - 0x00007ffa25456000 	C:\WINDOWS\system32\napinsp.dll
0x00007ffa25460000 - 0x00007ffa2547a000 	C:\WINDOWS\system32\pnrpnsp.dll
0x00007ffa46b80000 - 0x00007ffa46b98000 	C:\WINDOWS\system32\NLAapi.dll
0x00007ffa48930000 - 0x00007ffa4898c000 	C:\WINDOWS\System32\mswsock.dll
0x00007ffa486f0000 - 0x00007ffa48791000 	C:\WINDOWS\SYSTEM32\DNSAPI.dll
0x00007ffa4bc60000 - 0x00007ffa4bc68000 	C:\WINDOWS\System32\NSI.dll
0x00007ffa486b0000 - 0x00007ffa486e8000 	C:\WINDOWS\SYSTEM32\IPHLPAPI.DLL
0x00007ffa25480000 - 0x00007ffa2548e000 	C:\WINDOWS\System32\winrnr.dll
0x00007ffa417e0000 - 0x00007ffa4184a000 	C:\WINDOWS\System32\fwpuclnt.dll
0x00007ffa48fa0000 - 0x00007ffa48fcb000 	C:\WINDOWS\SYSTEM32\bcrypt.dll
0x00007ffa3ac50000 - 0x00007ffa3ac5a000 	C:\Windows\System32\rasadhlp.dll
0x0000000075a50000 - 0x0000000075a6a000 	C:\Program Files\Java\jre1.8.0_71\bin\net.dll
0x00007ffa48ad0000 - 0x00007ffa48ae7000 	C:\WINDOWS\SYSTEM32\CRYPTSP.dll
0x00007ffa48530000 - 0x00007ffa48563000 	C:\WINDOWS\system32\rsaenh.dll
0x00007ffa487b0000 - 0x00007ffa487cf000 	C:\WINDOWS\SYSTEM32\USERENV.dll
0x00007ffa48f90000 - 0x00007ffa48f9b000 	C:\WINDOWS\SYSTEM32\CRYPTBASE.dll
0x00007ffa430e0000 - 0x00007ffa430f6000 	C:\WINDOWS\SYSTEM32\dhcpcsvc6.DLL
0x00007ffa43c30000 - 0x00007ffa43c4a000 	C:\WINDOWS\SYSTEM32\dhcpcsvc.DLL
0x0000000075a30000 - 0x0000000075a41000 	C:\Program Files\Java\jre1.8.0_71\bin\nio.dll
0x00007ffa43100000 - 0x00007ffa43292000 	C:\WINDOWS\SYSTEM32\dbghelp.dll

VM Arguments:
jvm_args: -agentlib:jdwp=transport=dt_socket,suspend=y,address=localhost:60957 -Dfile.encoding=UTF-8 
java_command: pestel.RDFImport
java_class_path (initial): C:\Users\Eva\Dropbox\UNI\Master\Masterarbeit\Java App\pestel-project\pestel\target\classes;C:\Users\Eva\.m2\repository\commons-cli\commons-cli\1.3\commons-cli-1.3.jar;C:\Users\Eva\.m2\repository\ch\qos\logback\logback-classic\1.0.13\logback-classic-1.0.13.jar;C:\Users\Eva\.m2\repository\ch\qos\logback\logback-core\1.0.13\logback-core-1.0.13.jar;C:\Users\Eva\.m2\repository\org\slf4j\slf4j-api\1.7.5\slf4j-api-1.7.5.jar;C:\Users\Eva\.m2\repository\org\apache\jena\jena-tdb\3.3.0\jena-tdb-3.3.0.jar;C:\Users\Eva\.m2\repository\org\apache\jena\jena-arq\3.3.0\jena-arq-3.3.0.jar;C:\Users\Eva\.m2\repository\org\apache\jena\jena-core\3.3.0\jena-core-3.3.0.jar;C:\Users\Eva\.m2\repository\org\apache\jena\jena-iri\3.3.0\jena-iri-3.3.0.jar;C:\Users\Eva\.m2\repository\xerces\xercesImpl\2.11.0\xercesImpl-2.11.0.jar;C:\Users\Eva\.m2\repository\xml-apis\xml-apis\1.4.01\xml-apis-1.4.01.jar;C:\Users\Eva\.m2\repository\org\apache\jena\jena-base\3.3.0\jena-base-3.3.0.jar;C:\Users\Eva\.m2\repository\com\github\andrewoma\dexx\collection\0.6\collection-0.6.jar;C:\Users\Eva\.m2\repository\org\apache\jena\jena-shaded-guava\3.3.0\jena-shaded-guava-3.3.0.jar;C:\Users\Eva\.m2\repository\org\apache\httpcomponents\httpclient\4.5.2\httpclient-4.5.2.jar;C:\Users\Eva\.m2\repository\org\apache\httpcomponents\httpcore\4.4.4\httpcore-4.4.4.jar;C:\Users\Eva\.m2\repository\commons-codec\commons-codec\1.9\commons-codec-1.9.jar;C:\Users\Eva\.m2\repository\com\github\jsonld-java\jsonld-java\0.9.0\jsonld-java-0.9.0.jar;C:\Users\Eva\.m2\repository\com\fasterxml\jackson\core\jackson-core\2.7.4\jackson-core-2.7.4.jar;C:\Users\Eva\.m2\repository\com\fasterxml\jackson\core\jackson-databind\2.7.4\jackson-databind-2.7.4.jar;C:\Users\Eva\.m2\repository\com\fasterxml\jackson\core\jackson-annotations\2.7.0\jackson-annotations-2.7.0.jar;C:\Users\Eva\.m2\repository\commons-io\commons-io\2.5\commons-io-2.5.jar;C:\Users\Eva\.m2\repository\org\apache\httpcomponents\httpclient-cache\4.5.2\httpclie
Launcher Type: SUN_STANDARD

Environment Variables:
PATH=C:\ProgramData\Oracle\Java\javapath;C:\WINDOWS\system32;C:\WINDOWS;C:\WINDOWS\System32\Wbem;C:\WINDOWS\System32\WindowsPowerShell\v1.0\;C:\Program Files (x86)\Microsoft SQL Server\130\DTS\Binn\;C:\Program Files (x86)\Skype\Phone\;C:\Users\Eva\AppData\Local\Microsoft\WindowsApps;
USERNAME=Eva
OS=Windows_NT
PROCESSOR_IDENTIFIER=Intel64 Family 6 Model 58 Stepping 9, GenuineIntel



---------------  S Y S T E M  ---------------

OS: Windows 10.0 , 64 bit Build 14393 (10.0.14393.1198)

CPU:total 4 (2 cores per cpu, 2 threads per core) family 6 model 58 stepping 9, cmov, cx8, fxsr, mmx, sse, sse2, sse3, ssse3, sse4.1, sse4.2, popcnt, avx, aes, clmul, erms, ht, tsc, tscinvbit, tscinv

Memory: 4k page, physical 4077156k(856480k free), swap 11417188k(5034948k free)

vm_info: Java HotSpot(TM) 64-Bit Server VM (25.71-b15) for windows-amd64 JRE (1.8.0_71-b15), built on Dec 22 2015 18:15:55 by "java_re" with MS VC++ 10.0 (VS2010)

time: Fri Aug 04 10:36:57 2017
elapsed time: 328 seconds (0d 0h 5m 28s)

